Using pre-set license
Built from '2021.3/staging' branch; Version is '2021.3.11f1 (0a5ca18544bf) revision 679073'; Using compiler version '192829333'; Build Type 'Release'
OS: 'Windows 10  (10.0.19045) 64bit CoreSingleLanguage' Language: 'pt' Physical Memory: 24483 MB
BatchMode: 1, IsHumanControllingUs: 0, StartBugReporterOnCrash: 0, Is64bit: 1, IsPro: 1

COMMAND LINE ARGUMENTS:
C:\Program Files\Unity 2021.3.11f1\Editor\Unity.exe
-adb2
-batchMode
-noUpm
-name
AssetImportWorker0
-projectPath
D:/Melies/4 Semestre/Multplayer/normcoreprototype/NormCore proto
-logFile
Logs/AssetImportWorker0.log
-srvPort
63730
Successfully changed project path to: D:/Melies/4 Semestre/Multplayer/normcoreprototype/NormCore proto
D:/Melies/4 Semestre/Multplayer/normcoreprototype/NormCore proto
[UnityMemory] Configuration Parameters - Can be set up in boot.config
    "memorysetup-bucket-allocator-granularity=16"
    "memorysetup-bucket-allocator-bucket-count=8"
    "memorysetup-bucket-allocator-block-size=33554432"
    "memorysetup-bucket-allocator-block-count=8"
    "memorysetup-main-allocator-block-size=16777216"
    "memorysetup-thread-allocator-block-size=16777216"
    "memorysetup-gfx-main-allocator-block-size=16777216"
    "memorysetup-gfx-thread-allocator-block-size=16777216"
    "memorysetup-cache-allocator-block-size=4194304"
    "memorysetup-typetree-allocator-block-size=2097152"
    "memorysetup-profiler-bucket-allocator-granularity=16"
    "memorysetup-profiler-bucket-allocator-bucket-count=8"
    "memorysetup-profiler-bucket-allocator-block-size=33554432"
    "memorysetup-profiler-bucket-allocator-block-count=8"
    "memorysetup-profiler-allocator-block-size=16777216"
    "memorysetup-profiler-editor-allocator-block-size=1048576"
    "memorysetup-temp-allocator-size-main=16777216"
    "memorysetup-job-temp-allocator-block-size=2097152"
    "memorysetup-job-temp-allocator-block-size-background=1048576"
    "memorysetup-job-temp-allocator-reduction-small-platforms=262144"
    "memorysetup-temp-allocator-size-background-worker=32768"
    "memorysetup-temp-allocator-size-job-worker=262144"
    "memorysetup-temp-allocator-size-preload-manager=33554432"
    "memorysetup-temp-allocator-size-nav-mesh-worker=65536"
    "memorysetup-temp-allocator-size-audio-worker=65536"
    "memorysetup-temp-allocator-size-cloud-worker=32768"
    "memorysetup-temp-allocator-size-gi-baking-worker=262144"
    "memorysetup-temp-allocator-size-gfx=262144"
Refreshing native plugins compatible for Editor in 109.71 ms, found 4 plugins.
Preloading 0 native plugins for Editor in 0.00 ms.
Initialize engine version: 2021.3.11f1 (0a5ca18544bf)
[Subsystems] Discovering subsystems at path C:/Program Files/Unity 2021.3.11f1/Editor/Data/Resources/UnitySubsystems
[Subsystems] Discovering subsystems at path D:/Melies/4 Semestre/Multplayer/normcoreprototype/NormCore proto/Assets
GfxDevice: creating device client; threaded=0; jobified=0
Direct3D:
    Version:  Direct3D 11.0 [level 11.1]
    Renderer: NVIDIA GeForce RTX 2060 (ID=0x1f15)
    Vendor:   NVIDIA
    VRAM:     5980 MB
    Driver:   31.0.15.1700
Initialize mono
Mono path[0] = 'C:/Program Files/Unity 2021.3.11f1/Editor/Data/Managed'
Mono path[1] = 'C:/Program Files/Unity 2021.3.11f1/Editor/Data/MonoBleedingEdge/lib/mono/unityjit-win32'
Mono config path = 'C:/Program Files/Unity 2021.3.11f1/Editor/Data/MonoBleedingEdge/etc'
Using monoOptions --debugger-agent=transport=dt_socket,embedding=1,server=y,suspend=n,address=127.0.0.1:56628
Begin MonoManager ReloadAssembly
Registering precompiled unity dll's ...
Register platform support module: C:/Program Files/Unity 2021.3.11f1/Editor/Data/PlaybackEngines/WindowsStandaloneSupport/UnityEditor.WindowsStandalone.Extensions.dll
Registered in 0.006328 seconds.
Native extension for WindowsStandalone target not found
Refreshing native plugins compatible for Editor in 121.74 ms, found 4 plugins.
Preloading 0 native plugins for Editor in 0.00 ms.
Mono: successfully reloaded assembly
- Completed reload, in  0.809 seconds
Domain Reload Profiling:
	ReloadAssembly (809ms)
		BeginReloadAssembly (91ms)
			ExecutionOrderSort (0ms)
			DisableScriptedObjects (0ms)
			BackupInstance (0ms)
			ReleaseScriptingObjects (0ms)
			CreateAndSetChildDomain (1ms)
		EndReloadAssembly (579ms)
			LoadAssemblies (89ms)
			RebuildTransferFunctionScriptingTraits (0ms)
			SetupTypeCache (127ms)
			ReleaseScriptCaches (0ms)
			RebuildScriptCaches (39ms)
			SetupLoadedEditorAssemblies (351ms)
				LogAssemblyErrors (0ms)
				InitializePlatformSupportModulesInManaged (9ms)
				SetLoadedEditorAssemblies (0ms)
				RefreshPlugins (122ms)
				BeforeProcessingInitializeOnLoad (2ms)
				ProcessInitializeOnLoadAttributes (159ms)
				ProcessInitializeOnLoadMethodAttributes (58ms)
				AfterProcessingInitializeOnLoad (0ms)
				EditorAssembliesLoaded (0ms)
			ExecutionOrderSort2 (0ms)
			AwakeInstancesAfterBackupRestoration (0ms)
Platform modules already initialized, skipping
Registering precompiled user dll's ...
Registered in 0.008725 seconds.
Begin MonoManager ReloadAssembly
Symbol file LoadedFromMemory doesn't match image D:\Melies\4 Semestre\Multplayer\normcoreprototype\NormCore proto\Library\PackageCache\com.unity.visualscripting@1.7.8\Editor\VisualScripting.Core\Dependencies\YamlDotNet\Unity.VisualScripting.YamlDotNet.dll
Symbol file LoadedFromMemory doesn't match image D:\Melies\4 Semestre\Multplayer\normcoreprototype\NormCore proto\Library\PackageCache\com.unity.visualscripting@1.7.8\Editor\VisualScripting.Core\Dependencies\DotNetZip\Unity.VisualScripting.IonicZip.dll
Native extension for WindowsStandalone target not found
Refreshing native plugins compatible for Editor in 0.78 ms, found 4 plugins.
Preloading 0 native plugins for Editor in 0.00 ms.
Package Manager log level set to [2]
Mono: successfully reloaded assembly
- Completed reload, in  1.499 seconds
Domain Reload Profiling:
	ReloadAssembly (1500ms)
		BeginReloadAssembly (158ms)
			ExecutionOrderSort (0ms)
			DisableScriptedObjects (9ms)
			BackupInstance (0ms)
			ReleaseScriptingObjects (0ms)
			CreateAndSetChildDomain (25ms)
		EndReloadAssembly (1169ms)
			LoadAssemblies (118ms)
			RebuildTransferFunctionScriptingTraits (0ms)
			SetupTypeCache (398ms)
			ReleaseScriptCaches (1ms)
			RebuildScriptCaches (72ms)
			SetupLoadedEditorAssemblies (527ms)
				LogAssemblyErrors (0ms)
				InitializePlatformSupportModulesInManaged (8ms)
				SetLoadedEditorAssemblies (1ms)
				RefreshPlugins (1ms)
				BeforeProcessingInitializeOnLoad (119ms)
				ProcessInitializeOnLoadAttributes (344ms)
				ProcessInitializeOnLoadMethodAttributes (41ms)
				AfterProcessingInitializeOnLoad (14ms)
				EditorAssembliesLoaded (0ms)
			ExecutionOrderSort2 (0ms)
			AwakeInstancesAfterBackupRestoration (7ms)
Platform modules already initialized, skipping
========================================================================
Worker process is ready to serve import requests
Launched and connected shader compiler UnityShaderCompiler.exe after 0.05 seconds
Refreshing native plugins compatible for Editor in 0.75 ms, found 4 plugins.
Preloading 0 native plugins for Editor in 0.00 ms.
Unloading 3416 Unused Serialized files (Serialized files now loaded: 0)
Unloading 39 unused Assets / (116.3 KB). Loaded Objects now: 3914.
Memory consumption went from 119.0 MB to 118.9 MB.
Total: 4.281000 ms (FindLiveObjects: 0.473600 ms CreateObjectMapping: 0.296500 ms MarkObjects: 3.360000 ms  DeleteObjects: 0.149900 ms)

AssetImportParameters requested are different than current active one (requested -> active):
  custom:video-decoder-ogg-theora: a1e56fd34408186e4bbccfd4996cb3dc -> 
  custom:container-muxer-webm: aa71ff27fc2769a1b78a27578f13a17b -> 
  custom:container-demuxer-webm: 4f35f7cbe854078d1ac9338744f61a02 -> 
  custom:video-encoder-webm-vp8: eb34c28f22e8b96e1ab97ce403110664 -> 
  custom:audio-encoder-webm-vorbis: bf7c407c2cedff20999df2af8eb42d56 -> 
  custom:framework-win-MediaFoundation: 216162199b28c13a410421893ffa2e32 -> 
  custom:container-demuxer-ogg: 62fdf1f143b41e24485cea50d1cbac27 -> 
  custom:video-decoder-webm-vp8: 9c59270c3fd7afecdb556c50c9e8de78 -> 
  custom:audio-decoder-ogg-vorbis: bf7c407c2cedff20999df2af8eb42d56 -> 
========================================================================
Received Import Request.
  Time since last request: 1480991.708177 seconds.
  path: Assets/Normal/Examples/Hoverbird Player/Realtime + Hoverbird Player.prefab
  artifactKey: Guid(eec4742210fff4265b4d680e692d4ebc) Importer(815301076,1909f56bfc062723c751e8b465ee728b)
Start importing Assets/Normal/Examples/Hoverbird Player/Realtime + Hoverbird Player.prefab using Guid(eec4742210fff4265b4d680e692d4ebc) Importer(815301076,1909f56bfc062723c751e8b465ee728b)  -> (artifact id: '4dc95b60c5f0b6de832b2992882f5340') in 0.073523 seconds 
========================================================================
Received Import Request.
  Time since last request: 11.168262 seconds.
  path: Assets/Normal/Examples/Hoverbird Player/Hoverbird Character
  artifactKey: Guid(387bd26fe02994a08841a83ed7731d16) Importer(815301076,1909f56bfc062723c751e8b465ee728b)
Start importing Assets/Normal/Examples/Hoverbird Player/Hoverbird Character using Guid(387bd26fe02994a08841a83ed7731d16) Importer(815301076,1909f56bfc062723c751e8b465ee728b)  -> (artifact id: 'fb12af3a6960c03044f13e36e8ec305d') in 0.008708 seconds 
========================================================================
Received Import Request.
  Time since last request: 0.028999 seconds.
  path: Assets/Normal/Examples/Hoverbird Player/Hoverbird Character/Hoverbird Character.prefab
  artifactKey: Guid(430be99b1fb0c499196cbf2e31a13f1a) Importer(815301076,1909f56bfc062723c751e8b465ee728b)
Start importing Assets/Normal/Examples/Hoverbird Player/Hoverbird Character/Hoverbird Character.prefab using Guid(430be99b1fb0c499196cbf2e31a13f1a) Importer(815301076,1909f56bfc062723c751e8b465ee728b)  -> (artifact id: '9ecb44eff2f9260bae03874330c03b3f') in 0.869548 seconds 
========================================================================
Received Import Request.
  Time since last request: 5.583145 seconds.
  path: Assets/Normal/Examples/Hoverbird Player/Hoverbird Character/Shaders
  artifactKey: Guid(32e4231ffa44f461c861253e9e8c2934) Importer(815301076,1909f56bfc062723c751e8b465ee728b)
Start importing Assets/Normal/Examples/Hoverbird Player/Hoverbird Character/Shaders using Guid(32e4231ffa44f461c861253e9e8c2934) Importer(815301076,1909f56bfc062723c751e8b465ee728b)  -> (artifact id: '35f05a5e02cef9dace4551b3e15f1ae7') in 0.007633 seconds 
========================================================================
Received Import Request.
  Time since last request: 0.365899 seconds.
  path: Assets/Normal/Examples/Hoverbird Player/Hoverbird Character/Models
  artifactKey: Guid(4170daf9fe42046c9acffdbb5255276d) Importer(815301076,1909f56bfc062723c751e8b465ee728b)
Start importing Assets/Normal/Examples/Hoverbird Player/Hoverbird Character/Models using Guid(4170daf9fe42046c9acffdbb5255276d) Importer(815301076,1909f56bfc062723c751e8b465ee728b)  -> (artifact id: '3a4eebc6b9fe6bab855267613ed6f98c') in 0.008387 seconds 
========================================================================
Received Import Request.
  Time since last request: 0.063175 seconds.
  path: Assets/Normal/Examples/Hoverbird Player/Hoverbird Character/Models/Bird Model.fbx
  artifactKey: Guid(3cd2515d5812b4649a621131319b6b8a) Importer(815301076,1909f56bfc062723c751e8b465ee728b)
Start importing Assets/Normal/Examples/Hoverbird Player/Hoverbird Character/Models/Bird Model.fbx using Guid(3cd2515d5812b4649a621131319b6b8a) Importer(815301076,1909f56bfc062723c751e8b465ee728b)  -> (artifact id: 'a8b3423a813a377619ce3c722cc84aa0') in 0.206471 seconds 
========================================================================
Received Import Request.
  Time since last request: 0.000062 seconds.
  path: Assets/Normal/Examples/Hoverbird Player/Hoverbird Character/Models/Hoverboard Model.fbx
  artifactKey: Guid(cdbe92495d72849f0ab4ce107bfad6f6) Importer(815301076,1909f56bfc062723c751e8b465ee728b)
Start importing Assets/Normal/Examples/Hoverbird Player/Hoverbird Character/Models/Hoverboard Model.fbx using Guid(cdbe92495d72849f0ab4ce107bfad6f6) Importer(815301076,1909f56bfc062723c751e8b465ee728b)  -> (artifact id: '2064cffc40af6227c940d692ad569b34') in 0.037722 seconds 
========================================================================
Received Import Request.
  Time since last request: 17.414398 seconds.
  path: Assets/Normal/Examples/Hoverbird Player/Hoverbird Character/Models/Bird Model.prefab
  artifactKey: Guid(52c2be74c6b8d0d44b033391d147e1a8) Importer(815301076,1909f56bfc062723c751e8b465ee728b)
Start importing Assets/Normal/Examples/Hoverbird Player/Hoverbird Character/Models/Bird Model.prefab using Guid(52c2be74c6b8d0d44b033391d147e1a8) Importer(815301076,1909f56bfc062723c751e8b465ee728b)  -> (artifact id: 'bf6b9203fc2874a9cfff82f9f98f4337') in 0.015871 seconds 
========================================================================
Received Import Request.
  Time since last request: 0.000032 seconds.
  path: Assets/Normal/Examples/Hoverbird Player/Hoverbird Character/Models/Hoverboard Model.prefab
  artifactKey: Guid(9b7dfe26d4071f74fb17e3f6ce4e0fd1) Importer(815301076,1909f56bfc062723c751e8b465ee728b)
Start importing Assets/Normal/Examples/Hoverbird Player/Hoverbird Character/Models/Hoverboard Model.prefab using Guid(9b7dfe26d4071f74fb17e3f6ce4e0fd1) Importer(815301076,1909f56bfc062723c751e8b465ee728b)  -> (artifact id: '4991171098478127cccfeafc736f1c0b') in 0.014929 seconds 
========================================================================
Received Import Request.
  Time since last request: 1218.042104 seconds.
  path: Assets/Normal/Examples/Hoverbird Player/Hoverbird Character/Textures
  artifactKey: Guid(90a53a756c9424086806e54844e137ab) Importer(815301076,1909f56bfc062723c751e8b465ee728b)
Start importing Assets/Normal/Examples/Hoverbird Player/Hoverbird Character/Textures using Guid(90a53a756c9424086806e54844e137ab) Importer(815301076,1909f56bfc062723c751e8b465ee728b)  -> (artifact id: 'cfb4baa9a306b2cb5a88c9bce5cf3b28') in 0.008601 seconds 
========================================================================
Received Import Request.
  Time since last request: 0.201247 seconds.
  path: Assets/Normal/Examples/Hoverbird Player/Hoverbird Character/Textures/Hoverbird Gradient.png
  artifactKey: Guid(299b4d5105b344545a30eb8105cc830b) Importer(815301076,1909f56bfc062723c751e8b465ee728b)
Start importing Assets/Normal/Examples/Hoverbird Player/Hoverbird Character/Textures/Hoverbird Gradient.png using Guid(299b4d5105b344545a30eb8105cc830b) Importer(815301076,1909f56bfc062723c751e8b465ee728b)  -> (artifact id: '252f345962bc45be5d033cb707b763c1') in 0.074051 seconds 
========================================================================
Received Import Request.
  Time since last request: 0.000018 seconds.
  path: Assets/Normal/Examples/Hoverbird Player/Hoverbird Character/Textures/Hoverbird Grid.png
  artifactKey: Guid(41edf6c7fe86848c0b1e7764a713b41c) Importer(815301076,1909f56bfc062723c751e8b465ee728b)
Start importing Assets/Normal/Examples/Hoverbird Player/Hoverbird Character/Textures/Hoverbird Grid.png using Guid(41edf6c7fe86848c0b1e7764a713b41c) Importer(815301076,1909f56bfc062723c751e8b465ee728b)  -> (artifact id: '1a8c6ed64c2533e6a9e9f8ab83e78915') in 0.045697 seconds 
========================================================================
Received Import Request.
  Time since last request: 5.185916 seconds.
  path: Assets/Normal/Examples/Hoverbird Player/Hoverbird Character/Materials
  artifactKey: Guid(85eafcf2ac5184e289b9b47395717256) Importer(815301076,1909f56bfc062723c751e8b465ee728b)
Start importing Assets/Normal/Examples/Hoverbird Player/Hoverbird Character/Materials using Guid(85eafcf2ac5184e289b9b47395717256) Importer(815301076,1909f56bfc062723c751e8b465ee728b)  -> (artifact id: 'b0c790ffeed340ec428188de47400c0c') in 0.008699 seconds 
========================================================================
Received Import Request.
  Time since last request: 0.061392 seconds.
  path: Assets/Normal/Examples/Hoverbird Player/Hoverbird Character/Materials/Beak.mat
  artifactKey: Guid(3e9443e01f8e3430484596e12d758f4a) Importer(815301076,1909f56bfc062723c751e8b465ee728b)
Start importing Assets/Normal/Examples/Hoverbird Player/Hoverbird Character/Materials/Beak.mat using Guid(3e9443e01f8e3430484596e12d758f4a) Importer(815301076,1909f56bfc062723c751e8b465ee728b)  -> (artifact id: '5551168fde6f873e49a443a146f4c40c') in 0.025968 seconds 
========================================================================
Received Import Request.
  Time since last request: 0.000020 seconds.
  path: Assets/Normal/Examples/Hoverbird Player/Hoverbird Character/Materials/Bird Eye.mat
  artifactKey: Guid(ec16966c5a512a940a415d721e101b98) Importer(815301076,1909f56bfc062723c751e8b465ee728b)
Start importing Assets/Normal/Examples/Hoverbird Player/Hoverbird Character/Materials/Bird Eye.mat using Guid(ec16966c5a512a940a415d721e101b98) Importer(815301076,1909f56bfc062723c751e8b465ee728b)  -> (artifact id: 'f4d42722f38ba0e6db6c0da9fb9f03da') in 0.035040 seconds 
========================================================================
Received Import Request.
  Time since last request: 0.000034 seconds.
  path: Assets/Normal/Examples/Hoverbird Player/Hoverbird Character/Materials/Board Side.mat
  artifactKey: Guid(be3fee8f0cf324e09afa02d650cf91c3) Importer(815301076,1909f56bfc062723c751e8b465ee728b)
Start importing Assets/Normal/Examples/Hoverbird Player/Hoverbird Character/Materials/Board Side.mat using Guid(be3fee8f0cf324e09afa02d650cf91c3) Importer(815301076,1909f56bfc062723c751e8b465ee728b)  -> (artifact id: '214ba70218db4f02f075237e67455b59') in 0.018766 seconds 
========================================================================
Received Import Request.
  Time since last request: 0.000037 seconds.
  path: Assets/Normal/Examples/Hoverbird Player/Hoverbird Character/Materials/Bird Belly.mat
  artifactKey: Guid(79cb7c163cf6b483295ba3bccf9b84fb) Importer(815301076,1909f56bfc062723c751e8b465ee728b)
Start importing Assets/Normal/Examples/Hoverbird Player/Hoverbird Character/Materials/Bird Belly.mat using Guid(79cb7c163cf6b483295ba3bccf9b84fb) Importer(815301076,1909f56bfc062723c751e8b465ee728b)  -> (artifact id: '9dde4744b480be1e071d33ee29e486b1') in 0.012875 seconds 
========================================================================
Received Import Request.
  Time since last request: 0.000038 seconds.
  path: Assets/Normal/Examples/Hoverbird Player/Hoverbird Character/Materials/Board Top.mat
  artifactKey: Guid(c677004612bf641ff8ae4ac4fb9a1e8f) Importer(815301076,1909f56bfc062723c751e8b465ee728b)
Start importing Assets/Normal/Examples/Hoverbird Player/Hoverbird Character/Materials/Board Top.mat using Guid(c677004612bf641ff8ae4ac4fb9a1e8f) Importer(815301076,1909f56bfc062723c751e8b465ee728b)  -> (artifact id: '6bf61fd465fcf59196982e531ad7e573') in 0.018636 seconds 
========================================================================
Received Import Request.
  Time since last request: 0.000015 seconds.
  path: Assets/Normal/Examples/Hoverbird Player/Hoverbird Character/Materials/Bird.mat
  artifactKey: Guid(2ba6856629f9d4f94b2dd800f9dc6b48) Importer(815301076,1909f56bfc062723c751e8b465ee728b)
Start importing Assets/Normal/Examples/Hoverbird Player/Hoverbird Character/Materials/Bird.mat using Guid(2ba6856629f9d4f94b2dd800f9dc6b48) Importer(815301076,1909f56bfc062723c751e8b465ee728b)  -> (artifact id: '4779be5a94dc0510f5c8e8f973671513') in 0.016886 seconds 
========================================================================
Received Import Request.
  Time since last request: 0.000023 seconds.
  path: Assets/Normal/Examples/Hoverbird Player/Hoverbird Character/Materials/Board Bottom.mat
  artifactKey: Guid(670a44bb724a34c31a6264a1a1ba0d03) Importer(815301076,1909f56bfc062723c751e8b465ee728b)
Start importing Assets/Normal/Examples/Hoverbird Player/Hoverbird Character/Materials/Board Bottom.mat using Guid(670a44bb724a34c31a6264a1a1ba0d03) Importer(815301076,1909f56bfc062723c751e8b465ee728b)  -> (artifact id: '678d3d71dc1605c5a5383af882f3b752') in 0.015613 seconds 
========================================================================
Received Import Request.
  Time since last request: 2.015623 seconds.
  path: Assets/Normal/Examples/Hoverbird Player/Hoverbird Character/Animations
  artifactKey: Guid(569cc8df3d9944a5696286d826309300) Importer(815301076,1909f56bfc062723c751e8b465ee728b)
Start importing Assets/Normal/Examples/Hoverbird Player/Hoverbird Character/Animations using Guid(569cc8df3d9944a5696286d826309300) Importer(815301076,1909f56bfc062723c751e8b465ee728b)  -> (artifact id: 'abc1bc2651b3b7dde4378e145ce947db') in 0.008945 seconds 
========================================================================
Received Import Request.
  Time since last request: 1.618000 seconds.
  path: Assets/Normal/Examples/Hoverbird Player/Realtime + Hoverbird Player.prefab
  artifactKey: Guid(eec4742210fff4265b4d680e692d4ebc) Importer(815301076,1909f56bfc062723c751e8b465ee728b)
Start importing Assets/Normal/Examples/Hoverbird Player/Realtime + Hoverbird Player.prefab using Guid(eec4742210fff4265b4d680e692d4ebc) Importer(815301076,1909f56bfc062723c751e8b465ee728b)  -> (artifact id: '26c06178da8190636712187625044b5a') in 0.021564 seconds 
========================================================================
Received Import Request.
  Time since last request: 2.103827 seconds.
  path: Assets/Normal/Examples/Hoverbird Player/Scripts
  artifactKey: Guid(e669f7782792e417c821bc1cb47fd015) Importer(815301076,1909f56bfc062723c751e8b465ee728b)
Start importing Assets/Normal/Examples/Hoverbird Player/Scripts using Guid(e669f7782792e417c821bc1cb47fd015) Importer(815301076,1909f56bfc062723c751e8b465ee728b)  -> (artifact id: 'f002401fedb38007634c2f8e967fcbfa') in 0.007846 seconds 
========================================================================
Received Import Request.
  Time since last request: 1.066897 seconds.
  path: Assets/Normal/Examples/Hoverbird Player/Scripts/HoverbirdPlayer.cs
  artifactKey: Guid(0e904cddab6f443d3b53014348d6beba) Importer(815301076,1909f56bfc062723c751e8b465ee728b)
Start importing Assets/Normal/Examples/Hoverbird Player/Scripts/HoverbirdPlayer.cs using Guid(0e904cddab6f443d3b53014348d6beba) Importer(815301076,1909f56bfc062723c751e8b465ee728b)  -> (artifact id: 'ee87f371bdcba062e2183f3029997d72') in 0.012507 seconds 
========================================================================
Received Import Request.
  Time since last request: 1.342859 seconds.
  path: Assets/Normal/Examples/Hoverbird Player/Scripts/HoverbirdPlayerManager.cs
  artifactKey: Guid(c3a535c453daa489ab6893ba6eb2af7a) Importer(815301076,1909f56bfc062723c751e8b465ee728b)
Start importing Assets/Normal/Examples/Hoverbird Player/Scripts/HoverbirdPlayerManager.cs using Guid(c3a535c453daa489ab6893ba6eb2af7a) Importer(815301076,1909f56bfc062723c751e8b465ee728b)  -> (artifact id: '4c03f690b3c5fa40879a6cad4839a793') in 0.009315 seconds 
========================================================================
Received Prepare
Registering precompiled user dll's ...
Registered in 0.012627 seconds.
Begin MonoManager ReloadAssembly
Symbol file LoadedFromMemory doesn't match image D:\Melies\4 Semestre\Multplayer\normcoreprototype\NormCore proto\Library\PackageCache\com.unity.visualscripting@1.7.8\Editor\VisualScripting.Core\Dependencies\YamlDotNet\Unity.VisualScripting.YamlDotNet.dll
Symbol file LoadedFromMemory doesn't match image D:\Melies\4 Semestre\Multplayer\normcoreprototype\NormCore proto\Library\PackageCache\com.unity.visualscripting@1.7.8\Editor\VisualScripting.Core\Dependencies\DotNetZip\Unity.VisualScripting.IonicZip.dll
Native extension for WindowsStandalone target not found
Refreshing native plugins compatible for Editor in 0.94 ms, found 4 plugins.
Preloading 0 native plugins for Editor in 0.00 ms.
Mono: successfully reloaded assembly
- Completed reload, in  1.411 seconds
Domain Reload Profiling:
	ReloadAssembly (1412ms)
		BeginReloadAssembly (178ms)
			ExecutionOrderSort (0ms)
			DisableScriptedObjects (6ms)
			BackupInstance (0ms)
			ReleaseScriptingObjects (0ms)
			CreateAndSetChildDomain (50ms)
		EndReloadAssembly (1094ms)
			LoadAssemblies (121ms)
			RebuildTransferFunctionScriptingTraits (0ms)
			SetupTypeCache (394ms)
			ReleaseScriptCaches (1ms)
			RebuildScriptCaches (59ms)
			SetupLoadedEditorAssemblies (475ms)
				LogAssemblyErrors (0ms)
				InitializePlatformSupportModulesInManaged (18ms)
				SetLoadedEditorAssemblies (1ms)
				RefreshPlugins (1ms)
				BeforeProcessingInitializeOnLoad (115ms)
				ProcessInitializeOnLoadAttributes (289ms)
				ProcessInitializeOnLoadMethodAttributes (42ms)
				AfterProcessingInitializeOnLoad (9ms)
				EditorAssembliesLoaded (0ms)
			ExecutionOrderSort2 (0ms)
			AwakeInstancesAfterBackupRestoration (6ms)
Platform modules already initialized, skipping
Refreshing native plugins compatible for Editor in 3.61 ms, found 4 plugins.
Preloading 0 native plugins for Editor in 0.00 ms.
Unloading 3408 Unused Serialized files (Serialized files now loaded: 0)
Unloading 32 unused Assets / (83.1 KB). Loaded Objects now: 3966.
Memory consumption went from 123.9 MB to 123.8 MB.
Total: 3.828500 ms (FindLiveObjects: 0.302300 ms CreateObjectMapping: 0.210300 ms MarkObjects: 3.193000 ms  DeleteObjects: 0.121700 ms)

AssetImportParameters requested are different than current active one (requested -> active):
  custom:video-decoder-ogg-theora: a1e56fd34408186e4bbccfd4996cb3dc -> 
  custom:container-muxer-webm: aa71ff27fc2769a1b78a27578f13a17b -> 
  custom:container-demuxer-webm: 4f35f7cbe854078d1ac9338744f61a02 -> 
  custom:video-encoder-webm-vp8: eb34c28f22e8b96e1ab97ce403110664 -> 
  custom:audio-encoder-webm-vorbis: bf7c407c2cedff20999df2af8eb42d56 -> 
  custom:framework-win-MediaFoundation: 216162199b28c13a410421893ffa2e32 -> 
  custom:container-demuxer-ogg: 62fdf1f143b41e24485cea50d1cbac27 -> 
  custom:video-decoder-webm-vp8: 9c59270c3fd7afecdb556c50c9e8de78 -> 
  custom:audio-decoder-ogg-vorbis: bf7c407c2cedff20999df2af8eb42d56 -> 
========================================================================
Received Import Request.
  Time since last request: 142.913271 seconds.
  path: Assets/Normal/Examples/Hoverbird Player/Hoverbird Character/Hoverbird Character.prefab
  artifactKey: Guid(430be99b1fb0c499196cbf2e31a13f1a) Importer(815301076,1909f56bfc062723c751e8b465ee728b)
Start importing Assets/Normal/Examples/Hoverbird Player/Hoverbird Character/Hoverbird Character.prefab using Guid(430be99b1fb0c499196cbf2e31a13f1a) Importer(815301076,1909f56bfc062723c751e8b465ee728b)  -> (artifact id: '40ac03a3bc64280dd5b6750c8d53228b') in 0.109974 seconds 
========================================================================
Received Import Request.
  Time since last request: 0.464354 seconds.
  path: Assets/Normal/Examples/Hoverbird Player/Realtime + Hoverbird Player.prefab
  artifactKey: Guid(eec4742210fff4265b4d680e692d4ebc) Importer(815301076,1909f56bfc062723c751e8b465ee728b)
Start importing Assets/Normal/Examples/Hoverbird Player/Realtime + Hoverbird Player.prefab using Guid(eec4742210fff4265b4d680e692d4ebc) Importer(815301076,1909f56bfc062723c751e8b465ee728b)  -> (artifact id: '0334e00ca3b1e292a7521a2edae0b932') in 0.025116 seconds 
========================================================================
Received Import Request.
  Time since last request: 10.372218 seconds.
  path: Assets/Normal/Examples/Hoverbird Player/Realtime + Hoverbird Player.prefab
  artifactKey: Guid(eec4742210fff4265b4d680e692d4ebc) Importer(815301076,1909f56bfc062723c751e8b465ee728b)
Start importing Assets/Normal/Examples/Hoverbird Player/Realtime + Hoverbird Player.prefab using Guid(eec4742210fff4265b4d680e692d4ebc) Importer(815301076,1909f56bfc062723c751e8b465ee728b)  -> (artifact id: '8475c9460a79fb8f752e2c9dbf1d2e06') in 0.010987 seconds 
========================================================================
Received Import Request.
  Time since last request: 191.951747 seconds.
  path: Assets/Normal/Examples/Hoverbird Player/Resources
  artifactKey: Guid(7995ef3c81e864e629166386644265e5) Importer(815301076,1909f56bfc062723c751e8b465ee728b)
Start importing Assets/Normal/Examples/Hoverbird Player/Resources using Guid(7995ef3c81e864e629166386644265e5) Importer(815301076,1909f56bfc062723c751e8b465ee728b)  -> (artifact id: 'dcef8b603f1c4f3089d4155b8b74cd77') in 0.010967 seconds 
========================================================================
Received Import Request.
  Time since last request: 0.049523 seconds.
  path: Assets/Normal/Examples/Hoverbird Player/Resources/Hoverbird Player.prefab
  artifactKey: Guid(78e8935bcc34544a494c2d462dd3eceb) Importer(815301076,1909f56bfc062723c751e8b465ee728b)
Start importing Assets/Normal/Examples/Hoverbird Player/Resources/Hoverbird Player.prefab using Guid(78e8935bcc34544a494c2d462dd3eceb) Importer(815301076,1909f56bfc062723c751e8b465ee728b)  -> (artifact id: '810a4b0e34d9bdbf529e2a9864c37cb3') in 0.029293 seconds 
========================================================================
Received Prepare
Registering precompiled user dll's ...
Registered in 0.007674 seconds.
Begin MonoManager ReloadAssembly
Symbol file LoadedFromMemory doesn't match image D:\Melies\4 Semestre\Multplayer\normcoreprototype\NormCore proto\Library\PackageCache\com.unity.visualscripting@1.7.8\Editor\VisualScripting.Core\Dependencies\YamlDotNet\Unity.VisualScripting.YamlDotNet.dll
Symbol file LoadedFromMemory doesn't match image D:\Melies\4 Semestre\Multplayer\normcoreprototype\NormCore proto\Library\PackageCache\com.unity.visualscripting@1.7.8\Editor\VisualScripting.Core\Dependencies\DotNetZip\Unity.VisualScripting.IonicZip.dll
Native extension for WindowsStandalone target not found
Refreshing native plugins compatible for Editor in 1.18 ms, found 4 plugins.
Preloading 0 native plugins for Editor in 0.00 ms.
Mono: successfully reloaded assembly
- Completed reload, in  1.463 seconds
Domain Reload Profiling:
	ReloadAssembly (1464ms)
		BeginReloadAssembly (205ms)
			ExecutionOrderSort (0ms)
			DisableScriptedObjects (7ms)
			BackupInstance (0ms)
			ReleaseScriptingObjects (0ms)
			CreateAndSetChildDomain (47ms)
		EndReloadAssembly (1111ms)
			LoadAssemblies (146ms)
			RebuildTransferFunctionScriptingTraits (0ms)
			SetupTypeCache (429ms)
			ReleaseScriptCaches (2ms)
			RebuildScriptCaches (62ms)
			SetupLoadedEditorAssemblies (449ms)
				LogAssemblyErrors (0ms)
				InitializePlatformSupportModulesInManaged (19ms)
				SetLoadedEditorAssemblies (1ms)
				RefreshPlugins (1ms)
				BeforeProcessingInitializeOnLoad (100ms)
				ProcessInitializeOnLoadAttributes (281ms)
				ProcessInitializeOnLoadMethodAttributes (38ms)
				AfterProcessingInitializeOnLoad (9ms)
				EditorAssembliesLoaded (0ms)
			ExecutionOrderSort2 (0ms)
			AwakeInstancesAfterBackupRestoration (6ms)
Platform modules already initialized, skipping
Refreshing native plugins compatible for Editor in 3.60 ms, found 4 plugins.
Preloading 0 native plugins for Editor in 0.00 ms.
Unloading 3408 Unused Serialized files (Serialized files now loaded: 0)
Unloading 32 unused Assets / (84.1 KB). Loaded Objects now: 3969.
Memory consumption went from 123.8 MB to 123.7 MB.
Total: 3.480000 ms (FindLiveObjects: 0.349600 ms CreateObjectMapping: 0.286400 ms MarkObjects: 2.731700 ms  DeleteObjects: 0.111100 ms)

AssetImportParameters requested are different than current active one (requested -> active):
  custom:video-decoder-ogg-theora: a1e56fd34408186e4bbccfd4996cb3dc -> 
  custom:container-muxer-webm: aa71ff27fc2769a1b78a27578f13a17b -> 
  custom:container-demuxer-webm: 4f35f7cbe854078d1ac9338744f61a02 -> 
  custom:video-encoder-webm-vp8: eb34c28f22e8b96e1ab97ce403110664 -> 
  custom:audio-encoder-webm-vorbis: bf7c407c2cedff20999df2af8eb42d56 -> 
  custom:framework-win-MediaFoundation: 216162199b28c13a410421893ffa2e32 -> 
  custom:container-demuxer-ogg: 62fdf1f143b41e24485cea50d1cbac27 -> 
  custom:video-decoder-webm-vp8: 9c59270c3fd7afecdb556c50c9e8de78 -> 
  custom:audio-decoder-ogg-vorbis: bf7c407c2cedff20999df2af8eb42d56 -> 
========================================================================
Received Prepare
Registering precompiled user dll's ...
Registered in 0.007984 seconds.
Begin MonoManager ReloadAssembly
Symbol file LoadedFromMemory doesn't match image D:\Melies\4 Semestre\Multplayer\normcoreprototype\NormCore proto\Library\PackageCache\com.unity.visualscripting@1.7.8\Editor\VisualScripting.Core\Dependencies\YamlDotNet\Unity.VisualScripting.YamlDotNet.dll
Symbol file LoadedFromMemory doesn't match image D:\Melies\4 Semestre\Multplayer\normcoreprototype\NormCore proto\Library\PackageCache\com.unity.visualscripting@1.7.8\Editor\VisualScripting.Core\Dependencies\DotNetZip\Unity.VisualScripting.IonicZip.dll
Native extension for WindowsStandalone target not found
Refreshing native plugins compatible for Editor in 0.85 ms, found 4 plugins.
Preloading 0 native plugins for Editor in 0.00 ms.
Mono: successfully reloaded assembly
- Completed reload, in  1.425 seconds
Domain Reload Profiling:
	ReloadAssembly (1425ms)
		BeginReloadAssembly (198ms)
			ExecutionOrderSort (0ms)
			DisableScriptedObjects (7ms)
			BackupInstance (0ms)
			ReleaseScriptingObjects (0ms)
			CreateAndSetChildDomain (55ms)
		EndReloadAssembly (1075ms)
			LoadAssemblies (132ms)
			RebuildTransferFunctionScriptingTraits (0ms)
			SetupTypeCache (379ms)
			ReleaseScriptCaches (1ms)
			RebuildScriptCaches (54ms)
			SetupLoadedEditorAssemblies (479ms)
				LogAssemblyErrors (0ms)
				InitializePlatformSupportModulesInManaged (17ms)
				SetLoadedEditorAssemblies (1ms)
				RefreshPlugins (1ms)
				BeforeProcessingInitializeOnLoad (97ms)
				ProcessInitializeOnLoadAttributes (312ms)
				ProcessInitializeOnLoadMethodAttributes (42ms)
				AfterProcessingInitializeOnLoad (9ms)
				EditorAssembliesLoaded (0ms)
			ExecutionOrderSort2 (0ms)
			AwakeInstancesAfterBackupRestoration (7ms)
Platform modules already initialized, skipping
Refreshing native plugins compatible for Editor in 3.59 ms, found 4 plugins.
Preloading 0 native plugins for Editor in 0.00 ms.
Unloading 3408 Unused Serialized files (Serialized files now loaded: 0)
Unloading 32 unused Assets / (83.0 KB). Loaded Objects now: 3972.
Memory consumption went from 123.9 MB to 123.8 MB.
Total: 3.306100 ms (FindLiveObjects: 0.323400 ms CreateObjectMapping: 0.233900 ms MarkObjects: 2.643400 ms  DeleteObjects: 0.104100 ms)

AssetImportParameters requested are different than current active one (requested -> active):
  custom:video-decoder-ogg-theora: a1e56fd34408186e4bbccfd4996cb3dc -> 
  custom:container-muxer-webm: aa71ff27fc2769a1b78a27578f13a17b -> 
  custom:container-demuxer-webm: 4f35f7cbe854078d1ac9338744f61a02 -> 
  custom:video-encoder-webm-vp8: eb34c28f22e8b96e1ab97ce403110664 -> 
  custom:audio-encoder-webm-vorbis: bf7c407c2cedff20999df2af8eb42d56 -> 
  custom:framework-win-MediaFoundation: 216162199b28c13a410421893ffa2e32 -> 
  custom:container-demuxer-ogg: 62fdf1f143b41e24485cea50d1cbac27 -> 
  custom:video-decoder-webm-vp8: 9c59270c3fd7afecdb556c50c9e8de78 -> 
  custom:audio-decoder-ogg-vorbis: bf7c407c2cedff20999df2af8eb42d56 -> 
